> Task :clean
> Task :app:clean
> Task :app:preBuild UP-TO-DATE
> Task :app:preDebugBuild UP-TO-DATE
> Task :app:mergeDebugNativeDebugMetadata NO-SOURCE
> Task :app:compileDebugAidl NO-SOURCE
> Task :app:compileDebugRenderscript NO-SOURCE
> Task :app:dataBindingMergeDependencyArtifactsDebug
> Task :app:dataBindingMergeGenClassesDebug
> Task :app:generateDebugResValues
> Task :app:generateDebugResources
> Task :app:packageDebugResources
> Task :app:generateDebugBuildConfig
> Task :app:parseDebugLocalResources
> Task :app:createDebugCompatibleScreenManifests
> Task :app:extractDeepLinksDebug
> Task :app:checkDebugAarMetadata
> Task :app:processDebugMainManifest
> Task :app:processDebugManifest
> Task :app:javaPreCompileDebug
> Task :app:mergeDebugShaders
> Task :app:compileDebugShaders NO-SOURCE
> Task :app:generateDebugAssets UP-TO-DATE
> Task :app:mergeDebugAssets
> Task :app:compressDebugAssets
> Task :app:processDebugJavaRes NO-SOURCE
> Task :app:checkDebugDuplicateClasses
> Task :app:desugarDebugFileDependencies
> Task :app:mergeDebugJniLibFolders
> Task :app:mergeDebugNativeLibs NO-SOURCE
> Task :app:stripDebugDebugSymbols NO-SOURCE
> Task :app:validateSigningDebug
> Task :app:mergeLibDexDebug
> Task :app:mergeDebugResources
> Task :app:writeDebugAppMetadata
> Task :app:dataBindingGenBaseClassesDebug
> Task :app:writeDebugSigningConfigVersions
> Task :app:processDebugManifestForPackage
> Task :app:processDebugResources
> Task :app:mergeExtDexDebug

> Task :app:compileDebugKotlin
w: /private/tmp/chikuwa/app/src/main/java/tech/watanave/sample/chikuwa/MainActivity.kt: (23, 46): Parameter 'context' is never used, could be renamed to _
e: /private/tmp/chikuwa/app/src/main/java/tech/watanave/sample/chikuwa/MainActivity.kt: (40, 14): Unresolved reference: chikuwa
w: file:///private/tmp/chikuwa/app/src/main/java/tech/watanave/sample/chikuwa/MainActivity.kt:23:46 This is Kotlin 1.8 style message. Parameter 'context' is never used, could be renamed to _
e: file:///private/tmp/chikuwa/app/src/main/java/tech/watanave/sample/chikuwa/MainActivity.kt:40:14 This is Kotlin 1.8 style message. Unresolved reference: chikuwa

> Task :app:compileDebugJavaWithJavac
> Task :app:dexBuilderDebug
> Task :app:mergeProjectDexDebug
> Task :app:mergeDebugJavaResource
> Task :app:packageDebug
> Task :app:createDebugApkListingFileRedirect
> Task :app:assembleDebug

BUILD SUCCESSFUL in 2s
36 actionable tasks: 36 executed
